app/build/intermediates/manifest_merge_blame_file/debug/manifest-merger-blame-debug-report.txt
1<?xml version="1.0" encoding="utf-8"?>
2<manifest xmlns:android="http://schemas.android.com/apk/res/android"
3    package="com.example.filmapp"
4    android:versionCode="1"
5    android:versionName="1.0" >
6
7    <uses-sdk
8        android:minSdkVersion="21"
8-->src\main\AndroidManifest.xml
9        android:targetSdkVersion="31" />
9-->src\main\AndroidManifest.xml
10
11    <uses-permission android:name="android.permission.INTERNET" />
11-->src\main\AndroidManifest.xml:5:5-66
11-->src\main\AndroidManifest.xml:5:22-64
12
13    <application
13-->src\main\AndroidManifest.xml:7:5-24:19
14        android:name="com.example.filmapp.AndroidApplication"
14-->src\main\AndroidManifest.xml:13:9-43
15        android:allowBackup="true"
15-->src\main\AndroidManifest.xml:8:9-35
16        android:appComponentFactory="androidx.core.app.CoreComponentFactory"
16-->[androidx.core:core:1.7.0] AndroidManifest.xml:24:18-86
17        android:debuggable="true"
18        android:icon="@mipmap/ic_launcher"
18-->src\main\AndroidManifest.xml:9:9-43
19        android:label="AndroidApplication"
19-->src\main\AndroidManifest.xml:10:9-43
20        android:roundIcon="@mipmap/ic_launcher_round"
20-->src\main\AndroidManifest.xml:11:9-54
21        android:supportsRtl="true"
21-->src\main\AndroidManifest.xml:12:9-35
22        android:theme="@style/Theme.FILMAPP" >
22-->src\main\AndroidManifest.xml:14:9-45
23        <activity
23-->src\main\AndroidManifest.xml:15:9-23:20
24            android:name="com.example.filmapp.MainActivity"
24-->src\main\AndroidManifest.xml:16:13-41
25            android:exported="true" >
25-->src\main\AndroidManifest.xml:17:13-36
26            <intent-filter>
26-->src\main\AndroidManifest.xml:18:13-22:29
27                <action android:name="android.intent.action.MAIN" />
27-->src\main\AndroidManifest.xml:19:17-69
27-->src\main\AndroidManifest.xml:19:25-66
28
29                <category android:name="android.intent.category.LAUNCHER" />
29-->src\main\AndroidManifest.xml:21:17-77
29-->src\main\AndroidManifest.xml:21:27-74
30            </intent-filter>
31        </activity>
32    </application>
33
34</manifest>